# Logfile created on Thu Mar 25 11:16:01 +0700 2010  [4;36;1mSQL (0.2ms)[0m   [0;1mSET NAMES 'utf8'[0m
  [4;35;1mSQL (0.2ms)[0m   [0mSET SQL_AUTO_IS_NULL=0[0m
  [4;36;1mSQL (15.9ms)[0m   [0;1mSHOW TABLES[0m
  [4;35;1mSQL (24.1ms)[0m   [0mSELECT version FROM schema_migrations[0m
  [4;36;1mSQL (0.1ms)[0m   [0;1mSET NAMES 'utf8'[0m
  [4;35;1mSQL (0.1ms)[0m   [0mSET SQL_AUTO_IS_NULL=0[0m
  [4;36;1mSQL (48.4ms)[0m   [0;1mDROP DATABASE IF EXISTS `agnusvn_test`[0m
  [4;35;1mSQL (0.4ms)[0m   [0mCREATE DATABASE `agnusvn_test` DEFAULT CHARACTER SET `utf8`[0m
  [4;36;1mSQL (0.2ms)[0m   [0;1mSET NAMES 'utf8'[0m
  [4;35;1mSQL (0.1ms)[0m   [0mSET SQL_AUTO_IS_NULL=0[0m
  [4;36;1mSQL (0.6ms)[0m   [0;1mSHOW TABLES[0m
  [4;35;1mSQL (46.8ms)[0m   [0mCREATE TABLE `tasks` (`id` int(11) DEFAULT NULL auto_increment PRIMARY KEY, `title` varchar(255), `description` varchar(255), `order_id` int(11), `is_completed` tinyint(1), `created_at` datetime, `updated_at` datetime) ENGINE=InnoDB[0m
  [4;36;1mSQL (0.5ms)[0m   [0;1mSHOW TABLES[0m
  [4;35;1mSQL (3.7ms)[0m   [0mCREATE TABLE `schema_migrations` (`version` varchar(255) NOT NULL) ENGINE=InnoDB[0m
  [4;36;1mSQL (20.0ms)[0m   [0;1mCREATE UNIQUE INDEX `unique_schema_migrations` ON `schema_migrations` (`version`)[0m
  [4;35;1mSQL (0.5ms)[0m   [0mSHOW TABLES[0m
  [4;36;1mSQL (0.4ms)[0m   [0;1mSELECT version FROM `schema_migrations`[0m
  [4;35;1mSQL (13.7ms)[0m   [0mINSERT INTO `schema_migrations` (version) VALUES ('20100305174213')[0m
  [4;36;1mSQL (0.8ms)[0m   [0;1mINSERT INTO `schema_migrations` (version) VALUES ('20100305174201')[0m
  [4;36;1mSQL (0.1ms)[0m   [0;1mSET NAMES 'utf8'[0m
  [4;35;1mSQL (0.2ms)[0m   [0mSET SQL_AUTO_IS_NULL=0[0m
  [4;36;1mSQL (20.9ms)[0m   [0;1mSHOW TABLES[0m
  [4;35;1mSQL (24.1ms)[0m   [0mSELECT version FROM schema_migrations[0m
  [4;36;1mSQL (0.2ms)[0m   [0;1mSET NAMES 'utf8'[0m
  [4;35;1mSQL (0.2ms)[0m   [0mSET SQL_AUTO_IS_NULL=0[0m
  [4;36;1mSQL (65.7ms)[0m   [0;1mDROP DATABASE IF EXISTS `agnusvn_test`[0m
  [4;35;1mSQL (0.4ms)[0m   [0mCREATE DATABASE `agnusvn_test` DEFAULT CHARACTER SET `utf8`[0m
  [4;36;1mSQL (0.1ms)[0m   [0;1mSET NAMES 'utf8'[0m
  [4;35;1mSQL (0.1ms)[0m   [0mSET SQL_AUTO_IS_NULL=0[0m
  [4;36;1mSQL (0.4ms)[0m   [0;1mSHOW TABLES[0m
  [4;35;1mSQL (37.6ms)[0m   [0mCREATE TABLE `tasks` (`id` int(11) DEFAULT NULL auto_increment PRIMARY KEY, `title` varchar(255), `description` varchar(255), `order_id` int(11), `is_completed` tinyint(1), `created_at` datetime, `updated_at` datetime) ENGINE=InnoDB[0m
  [4;36;1mSQL (0.4ms)[0m   [0;1mSHOW TABLES[0m
  [4;35;1mSQL (5.1ms)[0m   [0mCREATE TABLE `schema_migrations` (`version` varchar(255) NOT NULL) ENGINE=InnoDB[0m
  [4;36;1mSQL (27.0ms)[0m   [0;1mCREATE UNIQUE INDEX `unique_schema_migrations` ON `schema_migrations` (`version`)[0m
  [4;35;1mSQL (0.5ms)[0m   [0mSHOW TABLES[0m
  [4;36;1mSQL (0.5ms)[0m   [0;1mSELECT version FROM `schema_migrations`[0m
  [4;35;1mSQL (15.0ms)[0m   [0mINSERT INTO `schema_migrations` (version) VALUES ('20100305174213')[0m
  [4;36;1mSQL (0.7ms)[0m   [0;1mINSERT INTO `schema_migrations` (version) VALUES ('20100305174201')[0m
  [4;36;1mSQL (0.1ms)[0m   [0;1mSET NAMES 'utf8'[0m
  [4;35;1mSQL (0.1ms)[0m   [0mSET SQL_AUTO_IS_NULL=0[0m


Processing HomeController#index (for 192.168.9.224 at 2010-03-26 08:40:45) [GET]
Rendering home/index
Completed in 13ms (View: 12, DB: 0) | 200 OK [http://192.168.9.205/]
  [4;36;1mSQL (0.1ms)[0m   [0;1mSET NAMES 'utf8'[0m
  [4;35;1mSQL (0.1ms)[0m   [0mSET SQL_AUTO_IS_NULL=0[0m


Processing TasksController#new (for 192.168.9.224 at 2010-03-26 08:40:47) [GET]
  [4;36;1mTask Columns (0.8ms)[0m   [0;1mSHOW FIELDS FROM `tasks`[0m
Rendering template within layouts/tasks
Rendering tasks/new
  [4;35;1mTask Load (0.6ms)[0m   [0mSELECT * FROM `tasks` [0m
Completed in 93ms (View: 88, DB: 2) | 200 OK [http://192.168.9.205/tasks/new]
  [4;36;1mSQL (0.1ms)[0m   [0;1mSET NAMES 'utf8'[0m
  [4;35;1mSQL (0.1ms)[0m   [0mSET SQL_AUTO_IS_NULL=0[0m


Processing TasksController#new (for 192.168.9.224 at 2010-03-26 08:41:00) [GET]
  [4;36;1mTask Columns (0.7ms)[0m   [0;1mSHOW FIELDS FROM `tasks`[0m
Rendering template within layouts/tasks
Rendering tasks/new
  [4;35;1mTask Load (0.1ms)[0m   [0mSELECT * FROM `tasks` [0m
Completed in 9ms (View: 4, DB: 1) | 200 OK [http://192.168.9.205/tasks/new]
  [4;36;1mSQL (0.2ms)[0m   [0;1mSET NAMES 'utf8'[0m
  [4;35;1mSQL (0.2ms)[0m   [0mSET SQL_AUTO_IS_NULL=0[0m


Processing TasksController#create (for 192.168.9.224 at 2010-03-26 08:41:03) [POST]
  Parameters: {"commit"=>"Create", "authenticity_token"=>"yxJ+0NQoLAJ8H17leqhITUKmD4Ux8Mxy+FakT8ng1ms=", "task"=>{"title"=>"dfa", "order_id"=>"", "description"=>"dfa"}}
  [4;36;1mTask Columns (0.7ms)[0m   [0;1mSHOW FIELDS FROM `tasks`[0m
  [4;35;1mSQL (0.0ms)[0m   [0mBEGIN[0m
  [4;36;1mTask Create (15.9ms)[0m   [0;1mINSERT INTO `tasks` (`created_at`, `title`, `is_completed`, `order_id`, `updated_at`, `description`) VALUES('2010-03-26 01:41:03', 'dfa', NULL, NULL, '2010-03-26 01:41:03', 'dfa')[0m
  [4;35;1mSQL (2.0ms)[0m   [0mCOMMIT[0m
Redirected to http://192.168.9.205:3000/tasks
Completed in 24ms (DB: 19) | 302 Found [http://192.168.9.205/tasks]
  [4;36;1mSQL (0.2ms)[0m   [0;1mSET NAMES 'utf8'[0m
  [4;35;1mSQL (0.1ms)[0m   [0mSET SQL_AUTO_IS_NULL=0[0m


Processing TasksController#index (for 192.168.9.224 at 2010-03-26 08:41:03) [GET]
  [4;36;1mTask Load (0.3ms)[0m   [0;1mSELECT * FROM `tasks` LIMIT 0, 10[0m
  [4;35;1mTask Columns (0.6ms)[0m   [0mSHOW FIELDS FROM `tasks`[0m
  [4;36;1mSQL (0.1ms)[0m   [0;1mSELECT count(*) AS count_all FROM `tasks` [0m
Rendering template within layouts/tasks
Rendering tasks/index
DEPRECATION WARNING: WillPaginate: :prev_label view parameter is now :previous_label; the old name has been deprecated. (called from show_pagination_task_lists at /home/chondm/working/agnusvietnam_training/app/helpers/tasks_helper.rb:23)
Completed in 43ms (View: 37, DB: 1) | 200 OK [http://192.168.9.205/tasks]
  [4;35;1mSQL (0.1ms)[0m   [0mSET NAMES 'utf8'[0m
  [4;36;1mSQL (0.1ms)[0m   [0;1mSET SQL_AUTO_IS_NULL=0[0m


Processing HomeController#index (for 192.168.9.224 at 2010-03-26 08:41:08) [GET]
Rendering home/index
Completed in 2ms (View: 1, DB: 0) | 200 OK [http://192.168.9.205/home]
  [4;36;1mSQL (0.1ms)[0m   [0;1mSET NAMES 'utf8'[0m
  [4;35;1mSQL (0.1ms)[0m   [0mSET SQL_AUTO_IS_NULL=0[0m
  [4;36;1mSQL (0.2ms)[0m   [0;1mSHOW TABLES[0m
  [4;35;1mSQL (0.1ms)[0m   [0mSELECT version FROM schema_migrations[0m
  [4;36;1mSQL (0.1ms)[0m   [0;1mSET NAMES 'utf8'[0m
  [4;35;1mSQL (0.0ms)[0m   [0mSET SQL_AUTO_IS_NULL=0[0m
  [4;36;1mSQL (2.9ms)[0m   [0;1mDROP DATABASE IF EXISTS `agnusvn_test`[0m
  [4;35;1mSQL (0.1ms)[0m   [0mCREATE DATABASE `agnusvn_test` DEFAULT CHARACTER SET `utf8`[0m
  [4;36;1mSQL (0.1ms)[0m   [0;1mSET NAMES 'utf8'[0m
  [4;35;1mSQL (0.0ms)[0m   [0mSET SQL_AUTO_IS_NULL=0[0m
  [4;36;1mSQL (0.2ms)[0m   [0;1mSHOW TABLES[0m
  [4;35;1mSQL (2.9ms)[0m   [0mCREATE TABLE `tasks` (`id` int(11) DEFAULT NULL auto_increment PRIMARY KEY, `title` varchar(255), `description` varchar(255), `order_id` int(11), `is_completed` tinyint(1), `created_at` datetime, `updated_at` datetime) ENGINE=InnoDB[0m
  [4;36;1mSQL (0.2ms)[0m   [0;1mSHOW TABLES[0m
  [4;35;1mSQL (2.9ms)[0m   [0mCREATE TABLE `schema_migrations` (`version` varchar(255) NOT NULL) ENGINE=InnoDB[0m
  [4;36;1mSQL (4.4ms)[0m   [0;1mCREATE UNIQUE INDEX `unique_schema_migrations` ON `schema_migrations` (`version`)[0m
  [4;35;1mSQL (0.2ms)[0m   [0mSHOW TABLES[0m
  [4;36;1mSQL (0.2ms)[0m   [0;1mSELECT version FROM `schema_migrations`[0m
  [4;35;1mSQL (0.4ms)[0m   [0mINSERT INTO `schema_migrations` (version) VALUES ('20100305174213')[0m
  [4;36;1mSQL (0.5ms)[0m   [0;1mINSERT INTO `schema_migrations` (version) VALUES ('20100305174201')[0m
